2025-02-16 22:07:28.956440: I tensorflow/core/util/port.cc:113] oneDNN custom operations are on. You may see slightly different numerical results due to floating-point round-off errors from different computation orders. To turn them off, set the environment variable `TF_ENABLE_ONEDNN_OPTS=0`.
2025-02-16 22:07:28.986359: E external/local_xla/xla/stream_executor/cuda/cuda_dnn.cc:9261] Unable to register cuDNN factory: Attempting to register factory for plugin cuDNN when one has already been registered
2025-02-16 22:07:28.986393: E external/local_xla/xla/stream_executor/cuda/cuda_fft.cc:607] Unable to register cuFFT factory: Attempting to register factory for plugin cuFFT when one has already been registered
2025-02-16 22:07:28.987200: E external/local_xla/xla/stream_executor/cuda/cuda_blas.cc:1515] Unable to register cuBLAS factory: Attempting to register factory for plugin cuBLAS when one has already been registered
2025-02-16 22:07:28.992213: I tensorflow/core/platform/cpu_feature_guard.cc:182] This TensorFlow binary is optimized to use available CPU instructions in performance-critical operations.
To enable the following instructions: AVX2 AVX512F AVX512_VNNI FMA, in other operations, rebuild TensorFlow with the appropriate compiler flags.
2025-02-16 22:07:29.608742: W tensorflow/compiler/tf2tensorrt/utils/py_utils.cc:38] TF-TRT Warning: Could not find TensorRT
Chargement et normalisation des données d'entraînement...
Chargement et normalisation des données de test...
Epoch 1/100, Train Loss: 0.1048, Test Loss: 0.1729
New best model saved with test loss: 0.1729
Epoch 2/100, Train Loss: 0.1556, Test Loss: 0.1063
New best model saved with test loss: 0.1063
Epoch 3/100, Train Loss: 0.1209, Test Loss: 0.2335
Traceback (most recent call last):
  File "/home/enderend/Desktop/Perso/TP4/action_prediction/train.py", line 137, in <module>
    main()
  File "/home/enderend/Desktop/Perso/TP4/action_prediction/train.py", line 133, in main
    trainer.train()
  File "/home/enderend/Desktop/Perso/TP4/action_prediction/train.py", line 73, in train
    total_loss += loss.item()
KeyboardInterrupt
